<?xml version="1.0" encoding="UTF-8"?>
<!-- Generated by org.testng.reporters.JUnitReportReporter -->
<testsuite skipped="0" hostname="hp" name="StaleElementTest" tests="1" failures="0" timestamp="16 Mar 2018 16:02:16 GMT" time="11.450" errors="0">
  <testcase name="checkStaleElementTest" time="11.450" classname="StaleElementTest"/>
</testsuite> <!-- StaleElementTest -->
